<?xml version="1.0" encoding="UTF-8"?>
<!-- Generated by org.testng.reporters.JUnitXMLReporter -->
<testsuite hostname="LAPTOP-VCHUS963" ignored="0" name="Default test" tests="2" failures="0" timestamp="16 May 2021 14:01:15 GMT" time="98.065" errors="0">
  <testcase name="@BeforeClass setUp" time="97.33" classname="com.BhimanGroup.tests.customerTest">
    <failure type="org.openqa.selenium.WebDriverException" message="unknown error: DevToolsActivePort file doesn&amp;apos;t exist
Build info: version: &amp;apos;3.6.0&amp;apos;, revision: &amp;apos;6fbf3ec767&amp;apos;, time: &amp;apos;2017-09-27T15:28:36.4Z&amp;apos;
System info: host: &amp;apos;LAPTOP-VCHUS963&amp;apos;, ip: &amp;apos;192.168.43.229&amp;apos;, os.name: &amp;apos;Windows 10&amp;apos;, os.arch: &amp;apos;amd64&amp;apos;, os.version: &amp;apos;10.0&amp;apos;, java.version: &amp;apos;1.8.0_231&amp;apos;
Driver info: driver.version: ChromeDriver
remote stacktrace: Backtrace:
	Ordinal0 [0x00D1C013+2474003]
	Ordinal0 [0x00CB29C1+2042305]
	Ordinal0 [0x00BC2F68+1060712]
	Ordinal0 [0x00BDD7D9+1169369]
	Ordinal0 [0x00BDAA83+1157763]
	Ordinal0 [0x00C0A2A2+1352354]
	Ordinal0 [0x00C08FAA+1347498]
	Ordinal0 [0x00C066DB+1337051]
	Ordinal0 [0x00BE3427+1192999]
	Ordinal0 [0x00BE42EE+1196782]
	Ordinal0 [0x00BE4279+1196665]
	GetHandleVerifier [0x00EA96FC+1590332]
	GetHandleVerifier [0x00F58614+2306900]
	GetHandleVerifier [0x00DA9E93+543699]
	GetHandleVerifier [0x00DA92CE+540686]
	Ordinal0 [0x00CB86BA+2066106]
	Ordinal0 [0x00CBD1C8+2085320]
	Ordinal0 [0x00CBD308+2085640]
	Ordinal0 [0x00CC67F3+2123763]
	BaseThreadInitThunk [0x7658FA29+25]
	RtlGetAppContainerNamedObjectPath [0x777C76B4+228]
	RtlGetAppContainerNamedObjectPath [0x777C7684+180]
">
      <![CDATA[org.openqa.selenium.WebDriverException: unknown error: DevToolsActivePort file doesn't exist
Build info: version: '3.6.0', revision: '6fbf3ec767', time: '2017-09-27T15:28:36.4Z'
System info: host: 'LAPTOP-VCHUS963', ip: '192.168.43.229', os.name: 'Windows 10', os.arch: 'amd64', os.version: '10.0', java.version: '1.8.0_231'
Driver info: driver.version: ChromeDriver
remote stacktrace: Backtrace:
Ordinal0 [0x00D1C013+2474003]
Ordinal0 [0x00CB29C1+2042305]
Ordinal0 [0x00BC2F68+1060712]
Ordinal0 [0x00BDD7D9+1169369]
Ordinal0 [0x00BDAA83+1157763]
Ordinal0 [0x00C0A2A2+1352354]
Ordinal0 [0x00C08FAA+1347498]
Ordinal0 [0x00C066DB+1337051]
Ordinal0 [0x00BE3427+1192999]
Ordinal0 [0x00BE42EE+1196782]
Ordinal0 [0x00BE4279+1196665]
GetHandleVerifier [0x00EA96FC+1590332]
GetHandleVerifier [0x00F58614+2306900]
GetHandleVerifier [0x00DA9E93+543699]
GetHandleVerifier [0x00DA92CE+540686]
Ordinal0 [0x00CB86BA+2066106]
Ordinal0 [0x00CBD1C8+2085320]
Ordinal0 [0x00CBD308+2085640]
Ordinal0 [0x00CC67F3+2123763]
BaseThreadInitThunk [0x7658FA29+25]
RtlGetAppContainerNamedObjectPath [0x777C76B4+228]
RtlGetAppContainerNamedObjectPath [0x777C7684+180]

at sun.reflect.NativeConstructorAccessorImpl.newInstance0(Native Method)
at sun.reflect.NativeConstructorAccessorImpl.newInstance(Unknown Source)
at sun.reflect.DelegatingConstructorAccessorImpl.newInstance(Unknown Source)
at java.lang.reflect.Constructor.newInstance(Unknown Source)
at org.openqa.selenium.remote.W3CHandshakeResponse.lambda$new$0(W3CHandshakeResponse.java:57)
at org.openqa.selenium.remote.W3CHandshakeResponse.lambda$getResponseFunction$2(W3CHandshakeResponse.java:104)
at org.openqa.selenium.remote.ProtocolHandshake.lambda$createSession$24(ProtocolHandshake.java:359)
at java.util.stream.ReferencePipeline$3$1.accept(Unknown Source)
at java.util.Spliterators$ArraySpliterator.tryAdvance(Unknown Source)
at java.util.stream.ReferencePipeline.forEachWithCancel(Unknown Source)
at java.util.stream.AbstractPipeline.copyIntoWithCancel(Unknown Source)
at java.util.stream.AbstractPipeline.copyInto(Unknown Source)
at java.util.stream.AbstractPipeline.wrapAndCopyInto(Unknown Source)
at java.util.stream.FindOps$FindOp.evaluateSequential(Unknown Source)
at java.util.stream.AbstractPipeline.evaluate(Unknown Source)
at java.util.stream.ReferencePipeline.findFirst(Unknown Source)
at org.openqa.selenium.remote.ProtocolHandshake.createSession(ProtocolHandshake.java:362)
at org.openqa.selenium.remote.ProtocolHandshake.createSession(ProtocolHandshake.java:136)
at org.openqa.selenium.remote.HttpCommandExecutor.execute(HttpCommandExecutor.java:142)
at org.openqa.selenium.remote.service.DriverCommandExecutor.execute(DriverCommandExecutor.java:83)
at org.openqa.selenium.remote.RemoteWebDriver.execute(RemoteWebDriver.java:586)
at org.openqa.selenium.remote.RemoteWebDriver.startSession(RemoteWebDriver.java:217)
at org.openqa.selenium.remote.RemoteWebDriver.<init>(RemoteWebDriver.java:140)
at org.openqa.selenium.chrome.ChromeDriver.<init>(ChromeDriver.java:181)
at org.openqa.selenium.chrome.ChromeDriver.<init>(ChromeDriver.java:168)
at org.openqa.selenium.chrome.ChromeDriver.<init>(ChromeDriver.java:123)
at com.BhimanGroup.mainBase.MainBase.openBrowser(MainBase.java:38)
at com.BhimanGroup.mainBase.MainBase.browserSpecificInfo(MainBase.java:70)
at com.BhimanGroup.tests.loginTest.setUp(loginTest.java:30)
at com.BhimanGroup.tests.MastersTest.setUp(MastersTest.java:28)
at com.BhimanGroup.tests.customerTest.setUp(customerTest.java:21)
at sun.reflect.NativeMethodAccessorImpl.invoke0(Native Method)
at sun.reflect.NativeMethodAccessorImpl.invoke(Unknown Source)
at sun.reflect.DelegatingMethodAccessorImpl.invoke(Unknown Source)
at java.lang.reflect.Method.invoke(Unknown Source)
at org.testng.internal.MethodInvocationHelper.invokeMethod(MethodInvocationHelper.java:124)
at org.testng.internal.MethodInvocationHelper.invokeMethodConsideringTimeout(MethodInvocationHelper.java:59)
at org.testng.internal.Invoker.invokeConfigurationMethod(Invoker.java:458)
at org.testng.internal.Invoker.invokeConfigurations(Invoker.java:222)
at org.testng.internal.Invoker.invokeConfigurations(Invoker.java:142)
at org.testng.internal.TestMethodWorker.invokeBeforeClassMethods(TestMethodWorker.java:168)
at org.testng.internal.TestMethodWorker.run(TestMethodWorker.java:105)
at org.testng.TestRunner.privateRun(TestRunner.java:648)
at org.testng.TestRunner.run(TestRunner.java:505)
at org.testng.SuiteRunner.runTest(SuiteRunner.java:455)
at org.testng.SuiteRunner.runSequentially(SuiteRunner.java:450)
at org.testng.SuiteRunner.privateRun(SuiteRunner.java:415)
at org.testng.SuiteRunner.run(SuiteRunner.java:364)
at org.testng.SuiteRunnerWorker.runSuite(SuiteRunnerWorker.java:52)
at org.testng.SuiteRunnerWorker.run(SuiteRunnerWorker.java:84)
at org.testng.TestNG.runSuitesSequentially(TestNG.java:1208)
at org.testng.TestNG.runSuitesLocally(TestNG.java:1137)
at org.testng.TestNG.runSuites(TestNG.java:1049)
at org.testng.TestNG.run(TestNG.java:1017)
at org.testng.remote.AbstractRemoteTestNG.run(AbstractRemoteTestNG.java:115)
at org.testng.remote.RemoteTestNG.initAndRun(RemoteTestNG.java:251)
at org.testng.remote.RemoteTestNG.main(RemoteTestNG.java:77)
]]>
    </failure>
  </testcase> <!-- @BeforeClass setUp -->
  <testcase name="clickOnCustomer" time="0.0" classname="com.BhimanGroup.tests.customerTest">
    <skipped/>
  </testcase> <!-- clickOnCustomer -->
  <testcase name="enterCustomerDetails" time="0.0" classname="com.BhimanGroup.tests.customerTest">
    <skipped/>
  </testcase> <!-- enterCustomerDetails -->
</testsuite> <!-- Default test -->
